<?xml version="1.0" encoding="UTF-8"?>
<testng-results ignored="2" total="4" passed="2" failed="0" skipped="0">
  <reporter-output>
  </reporter-output>
  <suite started-at="2023-08-01T12:55:11 IST" name="Suite" finished-at="2023-08-01T12:59:48 IST" duration-ms="277037">
    <groups>
    </groups>
    <test started-at="2023-08-01T12:55:11 IST" name="Test" finished-at="2023-08-01T12:59:48 IST" duration-ms="277037">
      <class name="com.tutorialsninja.qa.testcases.LoginTest">
        <test-method is-config="true" signature="setup(java.lang.String,java.lang.String)[pri:0, instance:com.tutorialsninja.qa.testcases.LoginTest@dbd8e44]" started-at="2023-08-01T12:55:11 IST" name="setup" finished-at="2023-08-01T12:57:27 IST" duration-ms="135957" status="PASS">
          <params>
            <param index="0">
              <value>
                <![CDATA[Chrome]]>
              </value>
            </param>
            <param index="1">
              <value>
                <![CDATA[https://tutorialsninja.com/demo/]]>
              </value>
            </param>
          </params>
          <reporter-output>
          </reporter-output>
        </test-method> <!-- setup -->
        <test-method signature="verifyWithValidCredentails()[pri:1, instance:com.tutorialsninja.qa.testcases.LoginTest@dbd8e44]" started-at="2023-08-01T12:57:27 IST" name="verifyWithValidCredentails" finished-at="2023-08-01T12:57:32 IST" duration-ms="4424" status="PASS">
          <reporter-output>
          </reporter-output>
        </test-method> <!-- verifyWithValidCredentails -->
        <test-method is-config="true" signature="tearDown()[pri:0, instance:com.tutorialsninja.qa.testcases.LoginTest@dbd8e44]" started-at="2023-08-01T12:57:32 IST" name="tearDown" finished-at="2023-08-01T12:57:32 IST" duration-ms="1" status="PASS">
          <reporter-output>
          </reporter-output>
        </test-method> <!-- tearDown -->
        <test-method is-config="true" signature="setup(java.lang.String,java.lang.String)[pri:0, instance:com.tutorialsninja.qa.testcases.LoginTest@dbd8e44]" started-at="2023-08-01T12:57:32 IST" name="setup" finished-at="2023-08-01T12:59:45 IST" duration-ms="133222" status="PASS">
          <params>
            <param index="0">
              <value>
                <![CDATA[Chrome]]>
              </value>
            </param>
            <param index="1">
              <value>
                <![CDATA[https://tutorialsninja.com/demo/]]>
              </value>
            </param>
          </params>
          <reporter-output>
          </reporter-output>
        </test-method> <!-- setup -->
        <test-method signature="verifyWithInvalidCredentials()[pri:2, instance:com.tutorialsninja.qa.testcases.LoginTest@dbd8e44]" started-at="2023-08-01T12:59:45 IST" name="verifyWithInvalidCredentials" finished-at="2023-08-01T12:59:48 IST" duration-ms="3272" status="PASS">
          <reporter-output>
          </reporter-output>
        </test-method> <!-- verifyWithInvalidCredentials -->
        <test-method is-config="true" signature="tearDown()[pri:0, instance:com.tutorialsninja.qa.testcases.LoginTest@dbd8e44]" started-at="2023-08-01T12:59:48 IST" name="tearDown" finished-at="2023-08-01T12:59:48 IST" duration-ms="110" status="PASS">
          <reporter-output>
          </reporter-output>
        </test-method> <!-- tearDown -->
      </class> <!-- com.tutorialsninja.qa.testcases.LoginTest -->
    </test> <!-- Test -->
  </suite> <!-- Suite -->
</testng-results>
