<?xml version="1.0" encoding="UTF-8"?>
<!-- Generated by org.testng.reporters.JUnitXMLReporter -->
<testsuite ignored="2" hostname="SAIs-MacBook-Air.local" failures="0" tests="2" name="Test" time="277.037" errors="0" timestamp="2023-08-01T12:59:48 IST">
  <testcase classname="com.tutorialsninja.qa.testcases.LoginTest" name="verifyWithValidCredentails" time="4.424"/>
  <testcase classname="com.tutorialsninja.qa.testcases.LoginTest" name="verifyWithInvalidCredentials" time="3.272"/>
  <testcase classname="com.tutorialsninja.qa.testcases.LoginTest" name="verifyWithValidMailAndInvalidPassword" time="0.0">
    <ignored/>
  </testcase> <!-- verifyWithValidMailAndInvalidPassword -->
  <testcase classname="com.tutorialsninja.qa.testcases.LoginTest" name="verifyWithInvalidMailAndValidPassword" time="0.0">
    <ignored/>
  </testcase> <!-- verifyWithInvalidMailAndValidPassword -->
</testsuite> <!-- Test -->
